[09:31:21] [INFO] [CorvusStar] [SKIP] Dirty working tree.
[09:31:21] [WARNING] [KeepOS] [SKIP] Path not found.
[09:31:21] [WARNING] [The Nexus] [SKIP] Path not found.
[09:39:54] [INFO] [CorvusStar] [SKIP] Dirty working tree.
[09:39:54] [WARNING] [KeepOS] [SKIP] Path not found.
[09:39:54] [WARNING] [The Nexus] [SKIP] Path not found.
[10:20:42] [ERROR] [c:\Users\Craig\Corvus\CorvusStar] [CRASH] GOOGLE_API_KEY environment variable not set.
[10:20:42] [WARNING] [KeepOS] [SKIP] Path not found.
[10:20:42] [WARNING] [The Nexus] [SKIP] Path not found.
[10:22:50] [INFO] [CorvusStar] [SKIP] Dirty working tree.
[10:22:50] [WARNING] [KeepOS] [SKIP] Path not found.
[10:22:50] [WARNING] [The Nexus] [SKIP] Path not found.
[10:24:47] [ERROR] [c:\Users\Craig\Corvus\CorvusStar] [CRASH] GOOGLE_API_KEY environment variable not set.
[10:24:48] [WARNING] [KeepOS] [SKIP] Path not found.
[10:24:48] [WARNING] [The Nexus] [SKIP] Path not found.
[10:53:43] [INFO] [CorvusStar] [SKIP] Dirty working tree.
[10:53:43] [WARNING] [KeepOS] [SKIP] Path not found.
[10:53:43] [WARNING] [The Nexus] [SKIP] Path not found.
[11:00:38] [ERROR] [c:\Users\Craig\Corvus\CorvusStar] [CRASH] GOOGLE_API_KEY environment variable not set.
[11:00:38] [WARNING] [KeepOS] [SKIP] Path not found.
[11:00:38] [WARNING] [The Nexus] [SKIP] Path not found.
[11:01:55] [INFO] [CorvusStar] [SKIP] Dirty working tree.
[11:01:55] [WARNING] [KeepOS] [SKIP] Path not found.
[11:01:55] [WARNING] [The Nexus] [SKIP] Path not found.
[11:03:41] [INFO] [CorvusStar] [TARGET] Scaffold test for catalog_check.py (catalog_check.py)
[11:03:41] [ERROR] [CorvusStar] [FORGE_ERROR] 401 API keys are not supported by this API. Expected OAuth2 access token or other authentication credentials that assert a principal. See https://cloud.google.com/docs/authentication [reason: "CREDENTIALS_MISSING"
domain: "googleapis.com"
metadata {
  key: "service"
  value: "generativelanguage.googleapis.com"
}
metadata {
  key: "method"
  value: "google.ai.generativelanguage.v1beta.GenerativeService.GenerateContent"
}
]
[11:03:41] [WARNING] [KeepOS] [SKIP] Path not found.
[11:03:41] [WARNING] [The Nexus] [SKIP] Path not found.
